<?xml version="1.0" encoding="UTF-8"?>
<!-- Generated by org.testng.reporters.JUnitXMLReporter -->
<testsuite ignored="5" hostname="USBLRPRADEEPG21" failures="1" tests="4" name="Smoke Testing regression" time="0.139" errors="0" timestamp="2024-03-03T19:13:44 IST">
  <testcase classname="testngcodes.Basic" name="SecondTest" time="0.019"/>
  <testcase classname="testngcodes.Basics2" name="ploan" time="0.0">
    <failure type="org.testng.TestNGException" message="
Parameter &amp;apos;URL&amp;apos; is required by @Test on method ploan but has not been marked @Optional or defined
in C:\Users\pradeepg2\eclipse-workspace\Introduction\testng2.xml">
      <![CDATA[org.testng.TestNGException: 
Parameter 'URL' is required by @Test on method ploan but has not been marked @Optional or defined
in C:\Users\pradeepg2\eclipse-workspace\Introduction\testng2.xml
at java.base/java.util.ArrayList.forEach(ArrayList.java:1511)
... Removed 26 stack frames]]>
    </failure>
  </testcase> <!-- ploan -->
  <testcase classname="testngcodes.Basics3" name="CarLoanMobile" time="0.002"/>
  <testcase classname="testngcodes.Basics3" name="HomeLoanAPI" time="0.003"/>
  <testcase classname="testngcodes.Basic" name="Demo" time="0.0">
    <ignored/>
  </testcase> <!-- Demo -->
  <testcase classname="testngcodes.Basics3" name="EVCarLoan" time="0.0">
    <ignored/>
  </testcase> <!-- EVCarLoan -->
  <testcase classname="testngcodes.Basics3" name="Loan" time="0.0">
    <ignored/>
  </testcase> <!-- Loan -->
  <testcase classname="testngcodes.Basics3" name="CarLoanWeb" time="0.0">
    <ignored/>
  </testcase> <!-- CarLoanWeb -->
  <testcase classname="testngcodes.Basics3" name="CarLoanAPI" time="0.0">
    <ignored/>
  </testcase> <!-- CarLoanAPI -->
</testsuite> <!-- Smoke Testing regression -->
